<?xml version="1.0" encoding="UTF-8"?>
<!-- Generated by org.testng.reporters.JUnitXMLReporter -->
<testsuite hostname="IBM372-PC09Z6VS" ignored="0" name="Default test" tests="3" failures="0" timestamp="17 Oct 2018 15:39:56 GMT" time="3.98" errors="0">
  <testcase name="testPostRequest" time="3.815" classname="postPutDeleteRequest.PostRequest"/>
  <testcase name="testPutRequest" time="0.093" classname="postPutDeleteRequest.PostRequest"/>
  <testcase name="verifyDeleteRequest" time="0.036" classname="postPutDeleteRequest.PostRequest"/>
</testsuite> <!-- Default test -->
